[35m[HTTP][39m [37m-->[39m [37mPOST[39m [37m/session[39m
[35m[HTTP][39m [90m{"capabilities":{"alwaysMatch":{"platformName":"Android","browserName":"Chrome","appium:deviceName":"Pixel_3_10","appium:platformVersion":"10.0","appium:automationName":"UIAutomator2","appium:waitforTimeout":30000,"appium:commandTimeout":30000},"firstMatch":[{}]},"desiredCapabilities":{"platformName":"Android","browserName":"Chrome","appium:deviceName":"Pixel_3_10","appium:platformVersion":"10.0","appium:automationName":"UIAutomator2","appium:waitforTimeout":30000,"appium:commandTimeout":30000}}[39m
[debug] [35m[W3C][39m Calling AppiumDriver.createSession() with args: [{"platformName":"Android","browserName":"Chrome","appium:deviceName":"Pixel_3_10","appium:platformVersion":"10.0","appium:automationName":"UIAutomator2","appium:waitforTimeout":30000,"appium:commandTimeout":30000},null,{"alwaysMatch":{"platformName":"Android","browserName":"Chrome","appium:deviceName":"Pixel_3_10","appium:platformVersion":"10.0","appium:automationName":"UIAutomator2","appium:waitforTimeout":30000,"appium:commandTimeout":30000},"firstMatch":[{}]}]
[debug] [35m[BaseDriver][39m Event 'newSessionRequested' logged at 1644165833147 (17:43:53 GMT+0100 (Central European Standard Time))
[35m[Appium][39m Appium v1.22.1 creating new AndroidUiautomator2Driver (v1.70.1) session
[35m[Appium][39m Applying relaxed security to 'AndroidUiautomator2Driver' as per server command line argument. All insecure features will be enabled unless explicitly disabled by --deny-insecure
[debug] [35m[BaseDriver][39m W3C capabilities and MJSONWP desired capabilities were provided
[debug] [35m[BaseDriver][39m Creating session with W3C capabilities: {
[debug] [35m[BaseDriver][39m   "alwaysMatch": {
[debug] [35m[BaseDriver][39m     "platformName": "Android",
[debug] [35m[BaseDriver][39m     "browserName": "Chrome",
[debug] [35m[BaseDriver][39m     "appium:deviceName": "Pixel_3_10",
[debug] [35m[BaseDriver][39m     "appium:platformVersion": "10.0",
[debug] [35m[BaseDriver][39m     "appium:automationName": "UIAutomator2",
[debug] [35m[BaseDriver][39m     "appium:waitforTimeout": 30000,
[debug] [35m[BaseDriver][39m     "appium:commandTimeout": 30000
[debug] [35m[BaseDriver][39m   },
[debug] [35m[BaseDriver][39m   "firstMatch": [
[debug] [35m[BaseDriver][39m     {}
[debug] [35m[BaseDriver][39m   ]
[debug] [35m[BaseDriver][39m }
[35m[BaseDriver][39m The following capabilities were provided, but are not recognized by Appium:
[35m[BaseDriver][39m   waitforTimeout
[35m[BaseDriver][39m   commandTimeout
[35m[BaseDriver][39m Session created with session id: 5c264f00-418b-4ebf-95be-c1c2a93d1039
[35m[UiAutomator2][39m We're going to run a Chrome-based session
[35m[UiAutomator2][39m Chrome-type package and activity are com.android.chrome and com.google.android.apps.chrome.Main
[35m[UiAutomator2][39m Starting 'com.android.chrome' directly on the device
[35m[ADB][39m Found 4 'build-tools' folders under '/Users/wimselles/Library/Android/sdk' (newest first):
[35m[ADB][39m     /Users/wimselles/Library/Android/sdk/build-tools/32.1.0-rc1
[35m[ADB][39m     /Users/wimselles/Library/Android/sdk/build-tools/32.0.0
[35m[ADB][39m     /Users/wimselles/Library/Android/sdk/build-tools/30.0.3
[35m[ADB][39m     /Users/wimselles/Library/Android/sdk/build-tools/30.0.2
[35m[ADB][39m Using 'adb' from '/Users/wimselles/Library/Android/sdk/platform-tools/adb'
[debug] [35m[ADB][39m Running '/Users/wimselles/Library/Android/sdk/platform-tools/adb -P 5037 start-server'
[35m[AndroidDriver][39m Retrieving device list
[debug] [35m[ADB][39m Trying to find a connected android device
[debug] [35m[ADB][39m Getting connected devices
[debug] [35m[ADB][39m Connected devices: [{"udid":"emulator-5554","state":"device"}]
[35m[AndroidDriver][39m Looking for a device with Android '10.0.0'
[debug] [35m[ADB][39m Setting device id to emulator-5554
[35m[ADB][39m Getting device platform version
[debug] [35m[ADB][39m Running '/Users/wimselles/Library/Android/sdk/platform-tools/adb -P 5037 -s emulator-5554 shell getprop ro.build.version.release'
[debug] [35m[ADB][39m Current device property 'ro.build.version.release': 10
[35m[AndroidDriver][39m Using device: emulator-5554
[35m[ADB][39m Using 'adb' from '/Users/wimselles/Library/Android/sdk/platform-tools/adb'
[debug] [35m[ADB][39m Running '/Users/wimselles/Library/Android/sdk/platform-tools/adb -P 5037 start-server'
[debug] [35m[ADB][39m Setting device id to emulator-5554
[debug] [35m[ADB][39m Running '/Users/wimselles/Library/Android/sdk/platform-tools/adb -P 5037 -s emulator-5554 shell getprop ro.build.version.sdk'
[debug] [35m[ADB][39m Current device property 'ro.build.version.sdk': 29
[35m[ADB][39m Getting device platform version
[debug] [35m[ADB][39m Running '/Users/wimselles/Library/Android/sdk/platform-tools/adb -P 5037 -s emulator-5554 shell getprop ro.build.version.release'
[debug] [35m[ADB][39m Current device property 'ro.build.version.release': 10
[debug] [35m[ADB][39m Device API level: 29
[35m[UiAutomator2][39m Relaxing hidden api policy
[debug] [35m[ADB][39m Running '/Users/wimselles/Library/Android/sdk/platform-tools/adb -P 5037 -s emulator-5554 shell 'settings put global hidden_api_policy_pre_p_apps 1;settings put global hidden_api_policy_p_apps 1;settings put global hidden_api_policy 1''
[35m[AndroidDriver][39m No app sent in, not parsing package/activity
[debug] [35m[ADB][39m Running '/Users/wimselles/Library/Android/sdk/platform-tools/adb -P 5037 -s emulator-5554 wait-for-device'
[debug] [35m[ADB][39m Running '/Users/wimselles/Library/Android/sdk/platform-tools/adb -P 5037 -s emulator-5554 shell echo ping'
[debug] [35m[AndroidDriver][39m Pushing settings apk to device...
[debug] [35m[ADB][39m Getting install status for io.appium.settings
[debug] [35m[ADB][39m Running '/Users/wimselles/Library/Android/sdk/platform-tools/adb -P 5037 -s emulator-5554 shell dumpsys package io.appium.settings'
[debug] [35m[ADB][39m 'io.appium.settings' is installed
[debug] [35m[ADB][39m Getting package info for 'io.appium.settings'
[debug] [35m[ADB][39m Running '/Users/wimselles/Library/Android/sdk/platform-tools/adb -P 5037 -s emulator-5554 shell dumpsys package io.appium.settings'
[debug] [35m[ADB][39m The version name of the installed 'io.appium.settings' is greater or equal to the application version name ('3.4.0' >= '3.4.0')
[debug] [35m[ADB][39m There is no need to install/upgrade '/Users/wimselles/.nvm/versions/node/v14.18.1/lib/node_modules/appium/node_modules/io.appium.settings/apks/settings_apk-debug.apk'
[debug] [35m[ADB][39m Getting IDs of all 'io.appium.settings' processes
[debug] [35m[ADB][39m Running '/Users/wimselles/Library/Android/sdk/platform-tools/adb -P 5037 -s emulator-5554 shell 'pgrep --help; echo $?''
[debug] [35m[ADB][39m Running '/Users/wimselles/Library/Android/sdk/platform-tools/adb -P 5037 -s emulator-5554 shell pgrep -f \(\[\[:blank:\]\]\|\^\)io\.appium\.settings\(\[\[:blank:\]\]\|\$\)'
[debug] [35m[ADB][39m Getting IDs of all 'io.appium.settings' processes
[debug] [35m[ADB][39m Running '/Users/wimselles/Library/Android/sdk/platform-tools/adb -P 5037 -s emulator-5554 shell pgrep -f \(\[\[:blank:\]\]\|\^\)io\.appium\.settings\(\[\[:blank:\]\]\|\$\)'
[debug] [35m[ADB][39m Starting Appium Settings app
[debug] [35m[ADB][39m Running '/Users/wimselles/Library/Android/sdk/platform-tools/adb -P 5037 -s emulator-5554 shell am start -n io.appium.settings/.Settings -a android.intent.action.MAIN -c android.intent.category.LAUNCHER'
[debug] [35m[ADB][39m Getting IDs of all 'io.appium.settings' processes
[debug] [35m[ADB][39m Running '/Users/wimselles/Library/Android/sdk/platform-tools/adb -P 5037 -s emulator-5554 shell pgrep -f \(\[\[:blank:\]\]\|\^\)io\.appium\.settings\(\[\[:blank:\]\]\|\$\)'
[debug] [35m[ADB][39m Getting IDs of all 'io.appium.settings' processes
[debug] [35m[ADB][39m Running '/Users/wimselles/Library/Android/sdk/platform-tools/adb -P 5037 -s emulator-5554 shell pgrep -f \(\[\[:blank:\]\]\|\^\)io\.appium\.settings\(\[\[:blank:\]\]\|\$\)'
[debug] [35m[Logcat][39m Starting logs capture with command: /Users/wimselles/Library/Android/sdk/platform-tools/adb -P 5037 -s emulator-5554 logcat -v threadtime
[debug] [35m[UiAutomator2][39m Forwarding UiAutomator2 Server port 6790 to local port 8200
[debug] [35m[ADB][39m Forwarding system: 8200 to device: 6790
[debug] [35m[ADB][39m Running '/Users/wimselles/Library/Android/sdk/platform-tools/adb -P 5037 -s emulator-5554 forward tcp:8200 tcp:6790'
[debug] [35m[ADB][39m Getting install status for io.appium.uiautomator2.server
[debug] [35m[ADB][39m Running '/Users/wimselles/Library/Android/sdk/platform-tools/adb -P 5037 -s emulator-5554 shell dumpsys package io.appium.uiautomator2.server'
[debug] [35m[ADB][39m 'io.appium.uiautomator2.server' is installed
[debug] [35m[ADB][39m Getting package info for 'io.appium.uiautomator2.server'
[debug] [35m[ADB][39m Running '/Users/wimselles/Library/Android/sdk/platform-tools/adb -P 5037 -s emulator-5554 shell dumpsys package io.appium.uiautomator2.server'
[debug] [35m[ADB][39m The version name of the installed 'io.appium.uiautomator2.server' is greater or equal to the application version name ('4.27.0' >= '4.27.0')
[debug] [35m[UiAutomator2][39m io.appium.uiautomator2.server installation state: sameVersionInstalled
[debug] [35m[ADB][39m Checking app cert for /Users/wimselles/.nvm/versions/node/v14.18.1/lib/node_modules/appium/node_modules/appium-uiautomator2-server/apks/appium-uiautomator2-server-v4.27.0.apk
[35m[ADB][39m Using 'apksigner.jar' from '/Users/wimselles/Library/Android/sdk/build-tools/32.1.0-rc1/lib/apksigner.jar'
[debug] [35m[ADB][39m Starting apksigner: /Library/Java/JavaVirtualMachines/jdk-11.0.13.jdk/Contents/Home/bin/java -Xmx1024M -Xss1m -jar /Users/wimselles/Library/Android/sdk/build-tools/32.1.0-rc1/lib/apksigner.jar verify --print-certs /Users/wimselles/.nvm/versions/node/v14.18.1/lib/node_modules/appium/node_modules/appium-uiautomator2-server/apks/appium-uiautomator2-server-v4.27.0.apk
[debug] [35m[ADB][39m apksigner stdout: Signer #1 certificate DN: EMAILADDRESS=android@android.com, CN=Android, OU=Android, O=Android, L=Mountain View, ST=California, C=US
[debug] [35m[ADB][39m Signer #1 certificate SHA-256 digest: a40da80a59d170caa950cf15c18c454d47a39b26989d8b640ecd745ba71bf5dc
[debug] [35m[ADB][39m Signer #1 certificate SHA-1 digest: 61ed377e85d386a8dfee6b864bd85b0bfaa5af81
[debug] [35m[ADB][39m Signer #1 certificate MD5 digest: e89b158e4bcf988ebd09eb83f5378e87
[debug] [35m[ADB][39m 
[debug] [35m[ADB][39m sha256 hash did match for 'appium-uiautomator2-server-v4.27.0.apk'
[35m[ADB][39m '/Users/wimselles/.nvm/versions/node/v14.18.1/lib/node_modules/appium/node_modules/appium-uiautomator2-server/apks/appium-uiautomator2-server-v4.27.0.apk' is signed with the default certificate
[debug] [35m[ADB][39m Getting install status for io.appium.uiautomator2.server.test
[debug] [35m[ADB][39m Running '/Users/wimselles/Library/Android/sdk/platform-tools/adb -P 5037 -s emulator-5554 shell dumpsys package io.appium.uiautomator2.server.test'
[debug] [35m[ADB][39m 'io.appium.uiautomator2.server.test' is installed
[debug] [35m[ADB][39m Checking app cert for /Users/wimselles/.nvm/versions/node/v14.18.1/lib/node_modules/appium/node_modules/appium-uiautomator2-server/apks/appium-uiautomator2-server-debug-androidTest.apk
[debug] [35m[ADB][39m Starting apksigner: /Library/Java/JavaVirtualMachines/jdk-11.0.13.jdk/Contents/Home/bin/java -Xmx1024M -Xss1m -jar /Users/wimselles/Library/Android/sdk/build-tools/32.1.0-rc1/lib/apksigner.jar verify --print-certs /Users/wimselles/.nvm/versions/node/v14.18.1/lib/node_modules/appium/node_modules/appium-uiautomator2-server/apks/appium-uiautomator2-server-debug-androidTest.apk
[debug] [35m[ADB][39m apksigner stdout: Signer #1 certificate DN: EMAILADDRESS=android@android.com, CN=Android, OU=Android, O=Android, L=Mountain View, ST=California, C=US
[debug] [35m[ADB][39m Signer #1 certificate SHA-256 digest: a40da80a59d170caa950cf15c18c454d47a39b26989d8b640ecd745ba71bf5dc
[debug] [35m[ADB][39m Signer #1 certificate SHA-1 digest: 61ed377e85d386a8dfee6b864bd85b0bfaa5af81
[debug] [35m[ADB][39m Signer #1 certificate MD5 digest: e89b158e4bcf988ebd09eb83f5378e87
[debug] [35m[ADB][39m 
[debug] [35m[ADB][39m sha256 hash did match for 'appium-uiautomator2-server-debug-androidTest.apk'
[35m[ADB][39m '/Users/wimselles/.nvm/versions/node/v14.18.1/lib/node_modules/appium/node_modules/appium-uiautomator2-server/apks/appium-uiautomator2-server-debug-androidTest.apk' is signed with the default certificate
[35m[UiAutomator2][39m Server packages are not going to be (re)installed
[debug] [35m[UiAutomator2][39m Waiting up to 30000ms for services to be available
[debug] [35m[ADB][39m Running '/Users/wimselles/Library/Android/sdk/platform-tools/adb -P 5037 -s emulator-5554 shell pm list instrumentation'
[debug] [35m[UiAutomator2][39m Instrumentation target 'io.appium.uiautomator2.server.test/androidx.test.runner.AndroidJUnitRunner' is available
[35m[ADB][39m Adding packages ["io.appium.settings","io.appium.uiautomator2.server","io.appium.uiautomator2.server.test"] to Doze whitelist
[debug] [35m[ADB][39m Got the following command chunks to execute: [["dumpsys","deviceidle","whitelist","+io.appium.settings",";","dumpsys","deviceidle","whitelist","+io.appium.uiautomator2.server",";","dumpsys","deviceidle","whitelist","+io.appium.uiautomator2.server.test",";"]]
[debug] [35m[ADB][39m Running '/Users/wimselles/Library/Android/sdk/platform-tools/adb -P 5037 -s emulator-5554 shell dumpsys deviceidle whitelist +io.appium.settings ; dumpsys deviceidle whitelist +io.appium.uiautomator2.server ; dumpsys deviceidle whitelist +io.appium.uiautomator2.server.test ;'
[debug] [35m[UiAutomator2][39m No app capability. Assuming it is already on the device
[debug] [35m[ADB][39m Getting install status for com.android.chrome
[debug] [35m[ADB][39m Running '/Users/wimselles/Library/Android/sdk/platform-tools/adb -P 5037 -s emulator-5554 shell dumpsys package com.android.chrome'
[debug] [35m[ADB][39m 'com.android.chrome' is installed
[debug] [35m[ADB][39m Running '/Users/wimselles/Library/Android/sdk/platform-tools/adb -P 5037 -s emulator-5554 shell am force-stop com.android.chrome'
[debug] [35m[ADB][39m Running '/Users/wimselles/Library/Android/sdk/platform-tools/adb -P 5037 -s emulator-5554 shell pm clear com.android.chrome'
[debug] [35m[AndroidDriver][39m Performed fast reset on the installed 'com.android.chrome' application (stop and clear)
[debug] [35m[UiAutomator2][39m Performing shallow cleanup of automation leftovers
[debug] [35m[UiAutomator2][39m No obsolete sessions have been detected (socket hang up)
[debug] [35m[ADB][39m Running '/Users/wimselles/Library/Android/sdk/platform-tools/adb -P 5037 -s emulator-5554 shell am force-stop io.appium.uiautomator2.server.test'
[35m[UiAutomator2][39m Starting UIAutomator2 server 4.27.0
[35m[UiAutomator2][39m Using UIAutomator2 server from '/Users/wimselles/.nvm/versions/node/v14.18.1/lib/node_modules/appium/node_modules/appium-uiautomator2-server/apks/appium-uiautomator2-server-v4.27.0.apk' and test from '/Users/wimselles/.nvm/versions/node/v14.18.1/lib/node_modules/appium/node_modules/appium-uiautomator2-server/apks/appium-uiautomator2-server-debug-androidTest.apk'
[35m[UiAutomator2][39m Waiting up to 30000ms for UiAutomator2 to be online...
[debug] [35m[ADB][39m Creating ADB subprocess with args: ["-P",5037,"-s","emulator-5554","shell","am","instrument","-w","-e","disableAnalytics",true,"io.appium.uiautomator2.server.test/androidx.test.runner.AndroidJUnitRunner"]
[debug] [35m[WD Proxy][39m Matched '/status' to command name 'getStatus'
[debug] [35m[WD Proxy][39m Proxying [GET /status] to [GET http://127.0.0.1:8200/wd/hub/status] with no body
[35m[WD Proxy][39m socket hang up
[debug] [35m[WD Proxy][39m Matched '/status' to command name 'getStatus'
[debug] [35m[WD Proxy][39m Proxying [GET /status] to [GET http://127.0.0.1:8200/wd/hub/status] with no body
[35m[WD Proxy][39m socket hang up
[debug] [35m[Instrumentation][39m io.appium.uiautomator2.server.test.AppiumUiAutomator2Server:
[debug] [35m[WD Proxy][39m Matched '/status' to command name 'getStatus'
[debug] [35m[WD Proxy][39m Proxying [GET /status] to [GET http://127.0.0.1:8200/wd/hub/status] with no body
[35m[WD Proxy][39m socket hang up
[debug] [35m[WD Proxy][39m Matched '/status' to command name 'getStatus'
[debug] [35m[WD Proxy][39m Proxying [GET /status] to [GET http://127.0.0.1:8200/wd/hub/status] with no body
[debug] [35m[WD Proxy][39m Got response with status 200: {"sessionId":"None","value":{"message":"UiAutomator2 Server is ready to accept commands","ready":true}}
[debug] [35m[UiAutomator2][39m The initialization of the instrumentation process took 3068ms
[debug] [35m[WD Proxy][39m Matched '/session' to command name 'createSession'
[debug] [35m[WD Proxy][39m Proxying [POST /session] to [POST http://127.0.0.1:8200/wd/hub/session] with body: {"capabilities":{"firstMatch":[{"platform":"LINUX","webStorageEnabled":false,"takesScreenshot":true,"javascriptEnabled":true,"databaseEnabled":false,"networkConnectionEnabled":true,"locationContextEnabled":false,"warnings":{},"desired":{"platformName":"Android","browserName":"Chrome","deviceName":"Pixel_3_10","platformVersion":"10.0","automationName":"UIAutomator2","waitforTimeout":30000,"commandTimeout":30000},"platformName":"Android","browserName":"Chrome","deviceName":"emulator-5554","platformVersion":"10.0","automationName":"UIAutomator2","waitforTimeout":30000,"commandTimeout":30000,"appPackage":"com.android.chrome","appActivity":"com.google.android.apps.chrome.Main","deviceUDID":"emulator-5554"}],"alwaysMatch":{}}}
[debug] [35m[WD Proxy][39m Got response with status 200: {"sessionId":"3217c296-19d8-4d0b-8f3c-807ca9a95fb2","value":{"capabilities":{"firstMatch":[{"platform":"LINUX","webStorageEnabled":false,"takesScreenshot":true,"javascriptEnabled":true,"databaseEnabled":false,"networkConnectionEnabled":true,"locationContextEnabled":false,"warnings":{},"desired":{"platformName":"Android","browserName":"Chrome","deviceName":"Pixel_3_10","platformVersion":"10.0","automationName":"UIAutomator2","waitforTimeout":30000,"commandTimeout":30000},"platformName":"Android","browserName":"Chrome","deviceName":"emulator-5554","platformVersion":"10.0","automationName":"UIAutomator2","waitforTimeout":30000,"commandTimeout":30000,"appPackage":"com.android.chrome","appActivity":"com.google.android.apps.chrome.Main","deviceUDID":"emulator-5554"}],"alwaysMatch":{}},"sessionId":"3217c296-19d8-4d0b-8f3c-807ca9a95fb2"}}
[35m[WD Proxy][39m Determined the downstream protocol as 'W3C'
[debug] [35m[WD Proxy][39m Proxying [GET /appium/device/info] to [GET http://127.0.0.1:8200/wd/hub/session/3217c296-19d8-4d0b-8f3c-807ca9a95fb2/appium/device/info] with no body
[debug] [35m[WD Proxy][39m Got response with status 200: {"sessionId":"3217c296-19d8-4d0b-8f3c-807ca9a95fb2","value":{"androidId":"fac3ea05497fb061","apiVersion":"29","bluetooth":null,"brand":"google","carrierName":"Android","displayDensity":440,"locale":"en_US","manufacturer":"Google","model":"Android SDK built for x86","networks":[{"capabilities":{"SSID":null,"linkDownBandwidthKbps":1048576,"linkUpstreamBandwidthKbps":1048576,"networkCapabilities":"NET_CAPABILITY_NOT_METERED,NET_CAPABILITY_INTERNET,NET_CAPABILITY_NOT_RESTRICTED,NET_CAPABILITY_TRUSTED,NET_CAPABILITY_NOT_VPN,NET_CAPABILITY_VALIDATED,NET_CAPABILITY_NOT_ROAMING,NET_CAPABILITY_FOREGROUND,NET_CAPABILITY_NOT_CONGESTED,NET_CAPABILITY_NOT_SUSPENDED","signalStrength":-30,"transportTypes":"TRANSPORT_WIFI"},"detailedState":"CONNECTED","extraInfo":null,"isAvailable":true,"isConnected":true,"isFailover":false,"isRoaming":false,"state":"CONNECTED","subtype":0,"subtypeName":"","type":1,"typeName":"WIFI"}],"platformVersion":"10","realDisplaySize":"1080x2160","timeZone":"Europe/Amsterdam"}}
[debug] [35m[ADB][39m Running '/Users/wimselles/Library/Android/sdk/platform-tools/adb -P 5037 -s emulator-5554 shell dumpsys window'
[35m[AndroidDriver][39m Screen already unlocked, doing nothing
[35m[AndroidDriver][39m Starting a chrome-based browser session
[debug] [35m[AndroidDriver][39m A port was not given, using random free port: 8000
[debug] [35m[AndroidDriver][39m Precalculated Chromedriver capabilities: {
[debug] [35m[AndroidDriver][39m   "androidPackage": "com.android.chrome",
[debug] [35m[AndroidDriver][39m   "androidDeviceSerial": "emulator-5554"
[debug] [35m[AndroidDriver][39m }
[debug] [35m[AndroidDriver][39m Before starting chromedriver, androidPackage is 'com.android.chrome'
[debug] [35m[Chromedriver][39m Changed state to 'starting'
[debug] [35m[Chromedriver][39m Using the static Chromedriver->Chrome mapping
[debug] [35m[Chromedriver][39m The most recent known Chrome version: 91.0.4472
[debug] [35m[Chromedriver][39m Found 4 executables in '/Users/wimselles/.nvm/versions/node/v14.18.1/lib/node_modules/appium/node_modules/appium-chromedriver/chromedriver/mac'
[debug] [35m[Chromedriver][39m The following Chromedriver executables were found:
[debug] [35m[Chromedriver][39m     '/Users/wimselles/.nvm/versions/node/v14.18.1/lib/node_modules/appium/node_modules/appium-chromedriver/chromedriver/mac/chromedriver_mac64_v91.0.4472.101' (version '91.0.4472.101', minimum Chrome version '91.0.4472')
[debug] [35m[Chromedriver][39m     '/Users/wimselles/.nvm/versions/node/v14.18.1/lib/node_modules/appium/node_modules/appium-chromedriver/chromedriver/mac/chromedriver_mac64_v83.0.4103.39' (version '83.0.4103.39', minimum Chrome version '83.0.4103')
[debug] [35m[Chromedriver][39m     '/Users/wimselles/.nvm/versions/node/v14.18.1/lib/node_modules/appium/node_modules/appium-chromedriver/chromedriver/mac/chromedriver_mac64_v83.0.4103.14' (version '83.0.4103.14', minimum Chrome version '83')
[debug] [35m[Chromedriver][39m     '/Users/wimselles/.nvm/versions/node/v14.18.1/lib/node_modules/appium/node_modules/appium-chromedriver/chromedriver/mac/chromedriver_mac64_v74.0.3729.6' (version '74.0.3729.6', minimum Chrome version '74.0.3729')
[35m[Chromedriver][39m Found 1 Chromedriver, which is missing in the list of known versions: {"83.0.4103.14":"83"}
[debug] [35m[ADB][39m Getting package info for 'com.android.chrome'
[debug] [35m[ADB][39m Running '/Users/wimselles/Library/Android/sdk/platform-tools/adb -P 5037 -s emulator-5554 shell dumpsys package com.android.chrome'
[debug] [35m[Chromedriver][39m Found Chrome bundle 'com.android.chrome' version '74.0.3729'
[debug] [35m[Chromedriver][39m Found 1 executable capable of automating Chrome '74.0.3729'.
[debug] [35m[Chromedriver][39m Choosing the most recent, '/Users/wimselles/.nvm/versions/node/v14.18.1/lib/node_modules/appium/node_modules/appium-chromedriver/chromedriver/mac/chromedriver_mac64_v74.0.3729.6'.
[debug] [35m[Chromedriver][39m If a specific version is required, specify it with the `chromedriverExecutable`desired capability.
[35m[Chromedriver][39m Set chromedriver binary as: /Users/wimselles/.nvm/versions/node/v14.18.1/lib/node_modules/appium/node_modules/appium-chromedriver/chromedriver/mac/chromedriver_mac64_v74.0.3729.6
[debug] [35m[Chromedriver][39m Killing any old chromedrivers, running: pkill -15 -f "/Users/wimselles/.nvm/versions/node/v14.18.1/lib/node_modules/appium/node_modules/appium-chromedriver/chromedriver/mac/chromedriver_mac64_v74.0.3729.6.*--port=8000"
[35m[Chromedriver][39m No old chromedrivers seem to exist
[debug] [35m[Chromedriver][39m Cleaning this device's adb forwarded port socket connections: emulator-5554
[debug] [35m[ADB][39m List forwarding ports
[debug] [35m[ADB][39m Running '/Users/wimselles/Library/Android/sdk/platform-tools/adb -P 5037 -s emulator-5554 forward --list'
[35m[Chromedriver][39m Spawning chromedriver with: /Users/wimselles/.nvm/versions/node/v14.18.1/lib/node_modules/appium/node_modules/appium-chromedriver/chromedriver/mac/chromedriver_mac64_v74.0.3729.6 --url-base=wd/hub --port=8000 --adb-port=5037 --verbose
[debug] [35m[Chromedriver][39m Chromedriver version: '74.0.3729.6'
[debug] [35m[Chromedriver][39m Chromedriver v. 74.0.3729.6 does not fully support W3C protocol. Defaulting to MJSONWP
[debug] [35m[WD Proxy][39m Matched '/status' to command name 'getStatus'
[debug] [35m[WD Proxy][39m Proxying [GET /status] to [GET http://127.0.0.1:8000/wd/hub/status] with no body
[35m[WD Proxy][39m connect ECONNREFUSED 127.0.0.1:8000
[debug] [35m[WD Proxy][39m Matched '/status' to command name 'getStatus'
[debug] [35m[WD Proxy][39m Proxying [GET /status] to [GET http://127.0.0.1:8000/wd/hub/status] with no body
[debug] [35m[WD Proxy][39m Got response with status 200: {"sessionId":"","status":0,"value":{"build":{"version":"74.0.3729.6 (255758eccf3d244491b8a1317aa76e1ce10d57e9-refs/branch-heads/3729@{#29})"},"message":"ChromeDriver ready for new sessions.","os":{"arch":"x86_64","name":"Mac OS X","version":"10.16.0"},"ready":true}}
[35m[Chromedriver][39m Starting MJSONWP Chromedriver session with capabilities: {
[35m[Chromedriver][39m   "desiredCapabilities": {
[35m[Chromedriver][39m     "chromeOptions": {
[35m[Chromedriver][39m       "androidPackage": "com.android.chrome",
[35m[Chromedriver][39m       "androidDeviceSerial": "emulator-5554"
[35m[Chromedriver][39m     },
[35m[Chromedriver][39m     "loggingPrefs": {
[35m[Chromedriver][39m       "browser": "ALL"
[35m[Chromedriver][39m     }
[35m[Chromedriver][39m   }
[35m[Chromedriver][39m }
[debug] [35m[WD Proxy][39m Matched '/session' to command name 'createSession'
[debug] [35m[WD Proxy][39m Proxying [POST /session] to [POST http://127.0.0.1:8000/wd/hub/session] with body: {"desiredCapabilities":{"chromeOptions":{"androidPackage":"com.android.chrome","androidDeviceSerial":"emulator-5554"},"loggingPrefs":{"browser":"ALL"}}}
[debug] [35m[Chromedriver][39m Webview version: 'Chrome/74.0.3729.185'
[debug] [35m[WD Proxy][39m Got response with status 200: {"sessionId":"09769912334f8dd8ff0e635910a02bb1","status":0,"value":{"acceptInsecureCerts":false,"acceptSslCerts":false,"applicationCacheEnabled":false,"browserConnectionEnabled":false,"browserName":"chrome","chrome":{"chromedriverVersion":"74.0.3729.6 (255758eccf3d244491b8a1317aa76e1ce10d57e9-refs/branch-heads/3729@{#29})"},"cssSelectorsEnabled":true,"databaseEnabled":false,"goog:chromeOptions":{"debuggerAddress":"localhost:55452"},"handlesAlerts":true,"hasTouchScreen":true,"javascriptEnabled":true,"locationContextEnabled":true,"mobileEmulationEnabled":false,"nativeEvents":true,"pageLoadStrategy":"normal","platform":"ANDROID","proxy":{},"rotatable":false,"setWindowRect":false,"strictFileInteractability":false,"takesHeapSnapshot":true,"takesScreenshot":true,"timeouts":{"implicit":0,"pageLoad":300000,"script":30000},"unexpectedAlertBehaviour":"ignore","version":"74.0.3729.185","webStorageEnabled":true}}
[35m[WD Proxy][39m Determined the downstream protocol as 'MJSONWP'
[debug] [35m[Chromedriver][39m Changed state to 'online'
[debug] [35m[WD Proxy][39m Proxying [GET /appium/device/pixel_ratio] to [GET http://127.0.0.1:8200/wd/hub/session/3217c296-19d8-4d0b-8f3c-807ca9a95fb2/appium/device/pixel_ratio] with no body
[debug] [35m[WD Proxy][39m Got response with status 200: {"sessionId":"3217c296-19d8-4d0b-8f3c-807ca9a95fb2","value":2.75}
[debug] [35m[WD Proxy][39m Matched '/appium/device/system_bars' to command name 'getSystemBars'
[debug] [35m[WD Proxy][39m Proxying [GET /appium/device/system_bars] to [GET http://127.0.0.1:8200/wd/hub/session/3217c296-19d8-4d0b-8f3c-807ca9a95fb2/appium/device/system_bars] with no body
[debug] [35m[WD Proxy][39m Got response with status 200: {"sessionId":"3217c296-19d8-4d0b-8f3c-807ca9a95fb2","value":{"statusBar":66}}
[debug] [35m[WD Proxy][39m Matched '/window/current/size' to command name 'getWindowSize'
[debug] [35m[WD Proxy][39m Proxying [GET /window/current/size] to [GET http://127.0.0.1:8200/wd/hub/session/3217c296-19d8-4d0b-8f3c-807ca9a95fb2/window/current/size] with no body
[debug] [35m[WD Proxy][39m Got response with status 200: {"sessionId":"3217c296-19d8-4d0b-8f3c-807ca9a95fb2","value":{"height":2028,"width":1080}}
[35m[Appium][39m New AndroidUiautomator2Driver session created successfully, session 5c264f00-418b-4ebf-95be-c1c2a93d1039 added to master session list
[debug] [35m[BaseDriver][39m Event 'newSessionStarted' logged at 1644165844597 (17:44:04 GMT+0100 (Central European Standard Time))
[debug] [35m[W3C (5c264f00)][39m Cached the protocol value 'W3C' for the new session 5c264f00-418b-4ebf-95be-c1c2a93d1039
[debug] [35m[W3C (5c264f00)][39m Responding to client with driver.createSession() result: {"capabilities":{"platform":"LINUX","webStorageEnabled":false,"takesScreenshot":true,"javascriptEnabled":true,"databaseEnabled":false,"networkConnectionEnabled":true,"locationContextEnabled":false,"warnings":{},"desired":{"platformName":"Android","browserName":"Chrome","deviceName":"Pixel_3_10","platformVersion":"10.0","automationName":"UIAutomator2","waitforTimeout":30000,"commandTimeout":30000},"platformName":"Android","browserName":"Chrome","deviceName":"emulator-5554","platformVersion":"10","automationName":"UIAutomator2","waitforTimeout":30000,"commandTimeout":30000,"appPackage":"com.android.chrome","appActivity":"com.google.android.apps.chrome.Main","deviceUDID":"emulator-5554","deviceApiLevel":29,"deviceScreenSize":"1080x2160","deviceScreenDensity":440,"deviceModel":"Android SDK built for x86","deviceManufacturer":"Google","pixelRatio":2.75,"statBarHeight":66,"viewportRect":{"left":0,"top":66,"width":1080,"height":1962}}}
[35m[HTTP][39m [37m<-- POST /session [39m[32m200[39m [90m11455 ms - 1003[39m
[35m[HTTP][39m [90m[39m
[35m[HTTP][39m [37m-->[39m [37mPOST[39m [37m/session/5c264f00-418b-4ebf-95be-c1c2a93d1039/url[39m
[35m[HTTP][39m [90m{"url":"https://webdriver.io/"}[39m
[35m[W3C (5c264f00)][39m Driver proxy active, passing request on via HTTP proxy
[debug] [35m[WD Proxy][39m Matched '/session/5c264f00-418b-4ebf-95be-c1c2a93d1039/url' to command name 'setUrl'
[debug] [35m[WD Proxy][39m Proxying [POST /session/5c264f00-418b-4ebf-95be-c1c2a93d1039/url] to [POST http://127.0.0.1:8000/wd/hub/session/09769912334f8dd8ff0e635910a02bb1/url] with body: {"url":"https://webdriver.io/"}
[debug] [35m[WD Proxy][39m Got response with status 200: {"sessionId":"09769912334f8dd8ff0e635910a02bb1","status":0,"value":null}
[35m[WD Proxy][39m Replacing sessionId 09769912334f8dd8ff0e635910a02bb1 with 5c264f00-418b-4ebf-95be-c1c2a93d1039
[35m[HTTP][39m [37m<-- POST /session/5c264f00-418b-4ebf-95be-c1c2a93d1039/url [39m[32m200[39m [90m4207 ms - 65[39m
[35m[HTTP][39m [90m[39m
[35m[HTTP][39m [37m-->[39m [37mPOST[39m [37m/session/5c264f00-418b-4ebf-95be-c1c2a93d1039/element[39m
[35m[HTTP][39m [90m{"using":"css selector","value":".hero__title"}[39m
[35m[W3C (5c264f00)][39m Driver proxy active, passing request on via HTTP proxy
[debug] [35m[WD Proxy][39m Matched '/session/5c264f00-418b-4ebf-95be-c1c2a93d1039/element' to command name 'findElement'
[debug] [35m[WD Proxy][39m Proxying [POST /session/5c264f00-418b-4ebf-95be-c1c2a93d1039/element] to [POST http://127.0.0.1:8000/wd/hub/session/09769912334f8dd8ff0e635910a02bb1/element] with body: {"using":"css selector","value":".hero__title"}
[debug] [35m[WD Proxy][39m Got response with status 200: {"sessionId":"09769912334f8dd8ff0e635910a02bb1","status":0,"value":{"ELEMENT":"0.09936623627015995-1"}}
[35m[WD Proxy][39m Replacing sessionId 09769912334f8dd8ff0e635910a02bb1 with 5c264f00-418b-4ebf-95be-c1c2a93d1039
[35m[HTTP][39m [37m<-- POST /session/5c264f00-418b-4ebf-95be-c1c2a93d1039/element [39m[32m200[39m [90m153 ms - 158[39m
[35m[HTTP][39m [90m[39m
[35m[HTTP][39m [37m-->[39m [37mPOST[39m [37m/session/5c264f00-418b-4ebf-95be-c1c2a93d1039/execute/sync[39m
[35m[HTTP][39m [90m{"script":"return (function hideScrollBars(hide) {\n    try {\n        if (hide) {\n            document.body.style.overflow = 'hidden';\n        }\n        else {\n            document.body.style.overflow = '';\n        }\n    }\n    catch (e) {\n    }\n}).apply(null, arguments)","args":[true]}[39m
[debug] [35m[W3C (5c264f00)][39m Calling AppiumDriver.execute() with args: ["return (function hideScrollBars(hide) {\n    try {\n        if (hide) {\n            document.body.style.overflow = 'hidden';\n        }\n        else {\n            document.body.style.overflow = '';\n        }\n    }\n    catch (e) {\n    }\n}).apply(null, arguments)",[true],"5c264f00-418b-4ebf-95be-c1c2a93d1039"]
[debug] [35m[WD Proxy][39m Matched '/execute' to command name 'execute'
[debug] [35m[Protocol Converter][39m Did not know how to rewrite the original URL '/execute' for MJSONWP protocol
[debug] [35m[WD Proxy][39m Proxying [POST /execute] to [POST http://127.0.0.1:8000/wd/hub/session/09769912334f8dd8ff0e635910a02bb1/execute] with body: {"script":"return (function hideScrollBars(hide) {\n    try {\n        if (hide) {\n            document.body.style.overflow = 'hidden';\n        }\n        else {\n            document.body.style.overflow = '';\n        }\n    }\n    catch (e) {\n    }\n}).apply(null, arguments)","args":[true]}
[debug] [35m[WD Proxy][39m Got response with status 200: {"sessionId":"09769912334f8dd8ff0e635910a02bb1","status":0,"value":null}
[debug] [35m[W3C (5c264f00)][39m Responding to client with driver.execute() result: null
[35m[HTTP][39m [37m<-- POST /session/5c264f00-418b-4ebf-95be-c1c2a93d1039/execute/sync [39m[32m200[39m [90m121 ms - 14[39m
[35m[HTTP][39m [90m[39m
[35m[HTTP][39m [37m-->[39m [37mPOST[39m [37m/session/5c264f00-418b-4ebf-95be-c1c2a93d1039/execute/sync[39m
[35m[HTTP][39m [90m{"script":"return (function setCustomCss(cssOptions) {\n    if (document.head == null) {\n        return;\n    }\n    var disableTransformationsTransitionsAnimations = \"\\n*, *::before, *::after {\\n    -o-transition-property: none !important;\\n    -moz-transition-property: none !important;\\n    -ms-transition-property: none !important;\\n    -webkit-transition-property: none !important;\\n    transition-property: none !important;\\n    -webkit-animation: none !important;\\n    -moz-animation: none !important;\\n    -o-animation: none !important;\\n    -ms-animation: none !important;\\n    animation: none !important;\\n    caret-color: transparent !important;\\n}\";\n    var addressBarPadding = cssOptions.addressBarPadding, disableCSSAnimation = cssOptions.disableCSSAnimation, id = cssOptions.id, toolBarPadding = cssOptions.toolBarPadding;\n    var bodyTopPadding = addressBarPadding === 0 ? '' : \"body{padding-top:\".concat(addressBarPadding, \"px !important}\");\n    var bodyBottomPadding = toolBarPadd...[39m
[debug] [35m[W3C (5c264f00)][39m Calling AppiumDriver.execute() with args: ["return (function setCustomCss(cssOptions) {\n    if (document.head == null) {\n        return;\n    }\n    var disableTransformationsTransitionsAnimations = \"\\n*, *::before, *::after {\\n    -o-transition-property: none !important;\\n    -moz-transition-property: none !important;\\n    -ms-transition-property: none !important;\\n    -webkit-transition-property: none !important;\\n    transition-property: none !important;\\n    -webkit-animation: none !important;\\n    -moz-animation: none !important;\\n    -o-animation: none !important;\\n    -ms-animation: none !important;\\n    animation: none !important;\\n    caret-color: transparent !important;\\n}\";\n    var addressBarPadding = cssOptions.addressBarPadding, disableCSSAnimation = cssOptions.disableCSSAnimation, id = cssOptions.id, toolBarPadding = cssOptions.toolBarPadding;\n    var bodyTopPadding = addressBarPadding === 0 ? '' : \"body{padding-top:\".concat(addressBarPadding, \"px !important}\");\n    var bodyBottomPadding = toolBarPadding === 0...
[debug] [35m[WD Proxy][39m Matched '/execute' to command name 'execute'
[debug] [35m[Protocol Converter][39m Did not know how to rewrite the original URL '/execute' for MJSONWP protocol
[debug] [35m[WD Proxy][39m Proxying [POST /execute] to [POST http://127.0.0.1:8000/wd/hub/session/09769912334f8dd8ff0e635910a02bb1/execute] with body: {"script":"return (function setCustomCss(cssOptions) {\n    if (document.head == null) {\n        return;\n    }\n    var disableTransformationsTransitionsAnimations = \"\\n*, *::before, *::after {\\n    -o-transition-property: none !important;\\n    -moz-transition-property: none !important;\\n    -ms-transition-property: none !important;\\n    -webkit-transition-property: none !important;\\n    transition-property: none !important;\\n    -webkit-animation: none !important;\\n    -moz-animation: none !important;\\n    -o-animation: none !important;\\n    -ms-animation: none !important;\\n    animation: none !important;\\n    caret-color: transparent !important;\\n}\";\n    var addressBarPadding = cssOptions.addressBarPadding, disableCSSAnimation = cssOptions.disableCSSAnimation, id = cssOptions.id, toolBarPadding = cssOptions.toolBarPadding;\n    var bodyTopPadding = addressBarPadding === 0 ? '' : \"body{padding-top:\".concat(addressBarPadding, \"px !important}\");\n    var bodyBottomPadding = toolBarPadd...
[debug] [35m[WD Proxy][39m Got response with status 200: {"sessionId":"09769912334f8dd8ff0e635910a02bb1","status":0,"value":null}
[debug] [35m[W3C (5c264f00)][39m Responding to client with driver.execute() result: null
[35m[HTTP][39m [37m<-- POST /session/5c264f00-418b-4ebf-95be-c1c2a93d1039/execute/sync [39m[32m200[39m [90m78 ms - 14[39m
[35m[HTTP][39m [90m[39m
[35m[HTTP][39m [37m-->[39m [37mPOST[39m [37m/session/5c264f00-418b-4ebf-95be-c1c2a93d1039/execute/sync[39m
[35m[HTTP][39m [90m{"script":"return (function getScreenDimensions() {\n    var body = document.body;\n    var html = document.documentElement;\n    var bodyDimensions = {\n        scrollHeight: body == null ? 0 : body.scrollHeight,\n        offsetHeight: body == null ? 0 : body.offsetHeight\n    };\n    var htmlDimensions = {\n        clientHeight: html == null ? 0 : html.clientHeight,\n        clientWidth: html == null ? 0 : html.clientWidth,\n        scrollHeight: html == null ? 0 : html.scrollHeight,\n        scrollWidth: html == null ? 0 : html.scrollWidth,\n        offsetHeight: html == null ? 0 : html.offsetHeight\n    };\n    var windowDimensions = {\n        innerWidth: window.innerWidth,\n        innerHeight: window.innerHeight,\n        outerHeight: window.outerHeight === 0 ? htmlDimensions.clientHeight : window.outerHeight,\n        outerWidth: window.outerWidth === 0 ? htmlDimensions.clientWidth : window.outerWidth,\n        devicePixelRatio: window.devicePixelRatio,\n        screenWidth: window.screen.width,\n ...[39m
[debug] [35m[W3C (5c264f00)][39m Calling AppiumDriver.execute() with args: ["return (function getScreenDimensions() {\n    var body = document.body;\n    var html = document.documentElement;\n    var bodyDimensions = {\n        scrollHeight: body == null ? 0 : body.scrollHeight,\n        offsetHeight: body == null ? 0 : body.offsetHeight\n    };\n    var htmlDimensions = {\n        clientHeight: html == null ? 0 : html.clientHeight,\n        clientWidth: html == null ? 0 : html.clientWidth,\n        scrollHeight: html == null ? 0 : html.scrollHeight,\n        scrollWidth: html == null ? 0 : html.scrollWidth,\n        offsetHeight: html == null ? 0 : html.offsetHeight\n    };\n    var windowDimensions = {\n        innerWidth: window.innerWidth,\n        innerHeight: window.innerHeight,\n        outerHeight: window.outerHeight === 0 ? htmlDimensions.clientHeight : window.outerHeight,\n        outerWidth: window.outerWidth === 0 ? htmlDimensions.clientWidth : window.outerWidth,\n        devicePixelRatio: window.devicePixelRatio,\n        screenWidth: window.screen.width,\n        sc...
[debug] [35m[WD Proxy][39m Matched '/execute' to command name 'execute'
[debug] [35m[Protocol Converter][39m Did not know how to rewrite the original URL '/execute' for MJSONWP protocol
[debug] [35m[WD Proxy][39m Proxying [POST /execute] to [POST http://127.0.0.1:8000/wd/hub/session/09769912334f8dd8ff0e635910a02bb1/execute] with body: {"script":"return (function getScreenDimensions() {\n    var body = document.body;\n    var html = document.documentElement;\n    var bodyDimensions = {\n        scrollHeight: body == null ? 0 : body.scrollHeight,\n        offsetHeight: body == null ? 0 : body.offsetHeight\n    };\n    var htmlDimensions = {\n        clientHeight: html == null ? 0 : html.clientHeight,\n        clientWidth: html == null ? 0 : html.clientWidth,\n        scrollHeight: html == null ? 0 : html.scrollHeight,\n        scrollWidth: html == null ? 0 : html.scrollWidth,\n        offsetHeight: html == null ? 0 : html.offsetHeight\n    };\n    var windowDimensions = {\n        innerWidth: window.innerWidth,\n        innerHeight: window.innerHeight,\n        outerHeight: window.outerHeight === 0 ? htmlDimensions.clientHeight : window.outerHeight,\n        outerWidth: window.outerWidth === 0 ? htmlDimensions.clientWidth : window.outerWidth,\n        devicePixelRatio: window.devicePixelRatio,\n        screenWidth: window.screen.width,\n ...
[debug] [35m[WD Proxy][39m Got response with status 200: {"sessionId":"09769912334f8dd8ff0e635910a02bb1","status":0,"value":{"dimensions":{"body":{"offsetHeight":658,"scrollHeight":6347},"html":{"clientHeight":658,"clientWidth":393,"offsetHeight":658,"scrollHeight":6347,"scrollWidth":393},"window":{"devicePixelRatio":2.75,"innerHeight":658,"innerWidth":393,"outerHeight":658,"outerWidth":393,"screenHeight":786,"screenWidth":393}}}}
[debug] [35m[W3C (5c264f00)][39m Responding to client with driver.execute() result: {"dimensions":{"body":{"offsetHeight":658,"scrollHeight":6347},"html":{"clientHeight":658,"clientWidth":393,"offsetHeight":658,"scrollHeight":6347,"scrollWidth":393},"window":{"devicePixelRatio":2.75,"innerHeight":658,"innerWidth":393,"outerHeight":658,"outerWidth":393,"screenHeight":786,"screenWidth":393}}}
[35m[HTTP][39m [37m<-- POST /session/5c264f00-418b-4ebf-95be-c1c2a93d1039/execute/sync [39m[32m200[39m [90m138 ms - 319[39m
[35m[HTTP][39m [90m[39m
[35m[HTTP][39m [37m-->[39m [37mGET[39m [37m/session/5c264f00-418b-4ebf-95be-c1c2a93d1039/screenshot[39m
[35m[HTTP][39m [90m{}[39m
[35m[W3C (5c264f00)][39m Driver proxy active, passing request on via HTTP proxy
[debug] [35m[WD Proxy][39m Matched '/session/5c264f00-418b-4ebf-95be-c1c2a93d1039/screenshot' to command name 'getScreenshot'
[debug] [35m[WD Proxy][39m Proxying [GET /session/5c264f00-418b-4ebf-95be-c1c2a93d1039/screenshot] to [GET http://127.0.0.1:8000/wd/hub/session/09769912334f8dd8ff0e635910a02bb1/screenshot] with no body
[debug] [35m[WD Proxy][39m Got response with status 200: {"sessionId":"09769912334f8dd8ff0e635910a02bb1","status":0,"value":"iVBORw0KGgoAAAANSUhEUgAABDgAAAeqCAYAAACNVsFaAAAAAXNSR0IArs4c6QAAIABJREFUeJzs3XdcU9f7B/DPTdhDREAUqYLiXqB1a1217q3VVqyttlrtslr3aGvdbbXtz1m/2lIVq9VasWpdFXCiVnEvEEQRWQKys87vj5jjDUlIwgrI83698iIh996cm9zc3POcc54jMMYYCCGEEEIIIYQQQiowiaULQAghhBBCCCGEEFJcFOAghBBCCCGEEEJIhUcBDkIIIYQQQgghhFR4FOAghBBCCCGEEEJIhUcBDkIIIYQQQgghhFR4FOAghBBCCCGEEEJIhUcBDkIIIYQQQgghhFR4FOAghBBCCCGEEEJIhUcBDkIIIYQQQgghhFR4FOAghBBCCCGEEEJIhUcBDkIIIYQQQgghhFR4FOAghBBCCCGEEEJIhUcBDkIIIYQQQgghhFR4FOAghBBCCCGEEEJIhUcBDkIIIYQQQgghhFR4FOAghBBCCCGEEEJIhUcBDkIIIYQQQgghhFR4FOAghBBCCCGEEEJIhUcBDkIIIYQQQgghhFR4FOAghBBCCCGEEEJIhUcBDkIIIYQQQgghhFR4FOAghBBCCCGEEEJIhUcBDkIIIYQQQgghhFR4FOAghBBCCCGEEEJIhUcBDkIIIYQQQgghhFR4FOAghBBCCCGEEEJIhUcBDlMwBkVeMpSyNIAxS5eGEEIIIYQQQoiIUvYMitxEMJXC0kUhFkQBDhPkP7uHB0cH4GHoGChlTy1dHEIIIYQQQgghz6nkz/DkwheIPdIPOYmnLF0cYkFWli5ARZCTfBoKxVMoFE+Rk3IezrX6WrpIhBBCCCGEEEIAyHOfIOfpeahU2chOCodjzW6WLlK5FRoairCwMADAuHHj4OPjU6qvFxsbi6CgIABA165d0a1b6X421IPDCKaSIzf9MqxsJLCzl...
[35m[WD Proxy][39m Replacing sessionId 09769912334f8dd8ff0e635910a02bb1 with 5c264f00-418b-4ebf-95be-c1c2a93d1039
[35m[HTTP][39m [37m<-- GET /session/5c264f00-418b-4ebf-95be-c1c2a93d1039/screenshot [39m[32m200[39m [90m709 ms - 128063[39m
[35m[HTTP][39m [90m[39m
[35m[HTTP][39m [37m-->[39m [37mPOST[39m [37m/session/5c264f00-418b-4ebf-95be-c1c2a93d1039/execute/sync[39m
[35m[HTTP][39m [90m{"script":"return (function getElementPositionTopWindow(element) {\n    var rectangles = element.getBoundingClientRect();\n    return {\n        height: Math.round(rectangles.height),\n        width: Math.round(rectangles.width),\n        x: Math.round(rectangles.left),\n        y: Math.round(rectangles.top),\n    };\n}).apply(null, arguments)","args":[{"element-6066-11e4-a52e-4f735466cecf":"0.09936623627015995-1","ELEMENT":"0.09936623627015995-1"}]}[39m
[debug] [35m[W3C (5c264f00)][39m Calling AppiumDriver.execute() with args: ["return (function getElementPositionTopWindow(element) {\n    var rectangles = element.getBoundingClientRect();\n    return {\n        height: Math.round(rectangles.height),\n        width: Math.round(rectangles.width),\n        x: Math.round(rectangles.left),\n        y: Math.round(rectangles.top),\n    };\n}).apply(null, arguments)",[{"element-6066-11e4-a52e-4f735466cecf":"0.09936623627015995-1","ELEMENT":"0.09936623627015995-1"}],"5c264f00-418b-4ebf-95be-c1c2a93d1039"]
[debug] [35m[WD Proxy][39m Matched '/execute' to command name 'execute'
[debug] [35m[Protocol Converter][39m Did not know how to rewrite the original URL '/execute' for MJSONWP protocol
[debug] [35m[WD Proxy][39m Proxying [POST /execute] to [POST http://127.0.0.1:8000/wd/hub/session/09769912334f8dd8ff0e635910a02bb1/execute] with body: {"script":"return (function getElementPositionTopWindow(element) {\n    var rectangles = element.getBoundingClientRect();\n    return {\n        height: Math.round(rectangles.height),\n        width: Math.round(rectangles.width),\n        x: Math.round(rectangles.left),\n        y: Math.round(rectangles.top),\n    };\n}).apply(null, arguments)","args":[{"element-6066-11e4-a52e-4f735466cecf":"0.09936623627015995-1","ELEMENT":"0.09936623627015995-1"}]}
[debug] [35m[WD Proxy][39m Got response with status 200: {"sessionId":"09769912334f8dd8ff0e635910a02bb1","status":0,"value":{"height":280,"width":297,"x":48,"y":153}}
[debug] [35m[W3C (5c264f00)][39m Responding to client with driver.execute() result: {"height":280,"width":297,"x":48,"y":153}
[35m[HTTP][39m [37m<-- POST /session/5c264f00-418b-4ebf-95be-c1c2a93d1039/execute/sync [39m[32m200[39m [90m43 ms - 51[39m
[35m[HTTP][39m [90m[39m
[35m[HTTP][39m [37m-->[39m [37mPOST[39m [37m/session/5c264f00-418b-4ebf-95be-c1c2a93d1039/execute/sync[39m
[35m[HTTP][39m [90m{"script":"return (function hideScrollBars(hide) {\n    try {\n        if (hide) {\n            document.body.style.overflow = 'hidden';\n        }\n        else {\n            document.body.style.overflow = '';\n        }\n    }\n    catch (e) {\n    }\n}).apply(null, arguments)","args":[false]}[39m
[debug] [35m[W3C (5c264f00)][39m Calling AppiumDriver.execute() with args: ["return (function hideScrollBars(hide) {\n    try {\n        if (hide) {\n            document.body.style.overflow = 'hidden';\n        }\n        else {\n            document.body.style.overflow = '';\n        }\n    }\n    catch (e) {\n    }\n}).apply(null, arguments)",[false],"5c264f00-418b-4ebf-95be-c1c2a93d1039"]
[debug] [35m[WD Proxy][39m Matched '/execute' to command name 'execute'
[debug] [35m[Protocol Converter][39m Did not know how to rewrite the original URL '/execute' for MJSONWP protocol
[debug] [35m[WD Proxy][39m Proxying [POST /execute] to [POST http://127.0.0.1:8000/wd/hub/session/09769912334f8dd8ff0e635910a02bb1/execute] with body: {"script":"return (function hideScrollBars(hide) {\n    try {\n        if (hide) {\n            document.body.style.overflow = 'hidden';\n        }\n        else {\n            document.body.style.overflow = '';\n        }\n    }\n    catch (e) {\n    }\n}).apply(null, arguments)","args":[false]}
[debug] [35m[WD Proxy][39m Got response with status 200: {"sessionId":"09769912334f8dd8ff0e635910a02bb1","status":0,"value":null}
[debug] [35m[W3C (5c264f00)][39m Responding to client with driver.execute() result: null
[35m[HTTP][39m [37m<-- POST /session/5c264f00-418b-4ebf-95be-c1c2a93d1039/execute/sync [39m[32m200[39m [90m79 ms - 14[39m
[35m[HTTP][39m [90m[39m
[35m[HTTP][39m [37m-->[39m [37mPOST[39m [37m/session/5c264f00-418b-4ebf-95be-c1c2a93d1039/execute/sync[39m
[35m[HTTP][39m [90m{"script":"return (function removeElementFromDom(id) {\n    var elem = document.querySelector(\"#\".concat(id));\n    if (elem != null) {\n        elem.parentNode.removeChild(elem);\n    }\n}).apply(null, arguments)","args":["pic-css"]}[39m
[debug] [35m[W3C (5c264f00)][39m Calling AppiumDriver.execute() with args: ["return (function removeElementFromDom(id) {\n    var elem = document.querySelector(\"#\".concat(id));\n    if (elem != null) {\n        elem.parentNode.removeChild(elem);\n    }\n}).apply(null, arguments)",["pic-css"],"5c264f00-418b-4ebf-95be-c1c2a93d1039"]
[debug] [35m[WD Proxy][39m Matched '/execute' to command name 'execute'
[debug] [35m[Protocol Converter][39m Did not know how to rewrite the original URL '/execute' for MJSONWP protocol
[debug] [35m[WD Proxy][39m Proxying [POST /execute] to [POST http://127.0.0.1:8000/wd/hub/session/09769912334f8dd8ff0e635910a02bb1/execute] with body: {"script":"return (function removeElementFromDom(id) {\n    var elem = document.querySelector(\"#\".concat(id));\n    if (elem != null) {\n        elem.parentNode.removeChild(elem);\n    }\n}).apply(null, arguments)","args":["pic-css"]}
[debug] [35m[WD Proxy][39m Got response with status 200: {"sessionId":"09769912334f8dd8ff0e635910a02bb1","status":0,"value":null}
[debug] [35m[W3C (5c264f00)][39m Responding to client with driver.execute() result: null
[35m[HTTP][39m [37m<-- POST /session/5c264f00-418b-4ebf-95be-c1c2a93d1039/execute/sync [39m[32m200[39m [90m31 ms - 14[39m
[35m[HTTP][39m [90m[39m
[35m[HTTP][39m [37m-->[39m [37mDELETE[39m [37m/session/5c264f00-418b-4ebf-95be-c1c2a93d1039[39m
[35m[HTTP][39m [90m{}[39m
[debug] [35m[W3C (5c264f00)][39m Calling AppiumDriver.deleteSession() with args: ["5c264f00-418b-4ebf-95be-c1c2a93d1039"]
[debug] [35m[BaseDriver][39m Event 'quitSessionRequested' logged at 1644165850924 (17:44:10 GMT+0100 (Central European Standard Time))
[35m[Appium][39m Removing session 5c264f00-418b-4ebf-95be-c1c2a93d1039 from our master session list
[debug] [35m[UiAutomator2][39m Deleting UiAutomator2 session
[debug] [35m[AndroidDriver][39m Stopping chromedriver for context CHROMIUM
[debug] [35m[Chromedriver][39m Changed state to 'stopping'
[debug] [35m[WD Proxy][39m Proxying [DELETE /] to [DELETE http://127.0.0.1:8000/wd/hub/session/09769912334f8dd8ff0e635910a02bb1] with no body
[debug] [35m[WD Proxy][39m Got response with status 200: {"sessionId":"09769912334f8dd8ff0e635910a02bb1","status":0,"value":null}
[debug] [35m[Chromedriver][39m Changed state to 'stopped'
[debug] [35m[UiAutomator2][39m Deleting UiAutomator2 server session
[debug] [35m[WD Proxy][39m Matched '/' to command name 'deleteSession'
[debug] [35m[WD Proxy][39m Proxying [DELETE /] to [DELETE http://127.0.0.1:8200/wd/hub/session/3217c296-19d8-4d0b-8f3c-807ca9a95fb2] with no body
[debug] [35m[WD Proxy][39m Got response with status 200: {"sessionId":"3217c296-19d8-4d0b-8f3c-807ca9a95fb2","value":null}
[debug] [35m[Logcat][39m Stopping logcat capture
[debug] [35m[ADB][39m Removing forwarded port socket connection: 8200 
[debug] [35m[ADB][39m Running '/Users/wimselles/Library/Android/sdk/platform-tools/adb -P 5037 -s emulator-5554 forward --remove tcp:8200'
[35m[UiAutomator2][39m Restoring hidden api policy to the device default configuration
[debug] [35m[ADB][39m Running '/Users/wimselles/Library/Android/sdk/platform-tools/adb -P 5037 -s emulator-5554 shell 'settings delete global hidden_api_policy_pre_p_apps;settings delete global hidden_api_policy_p_apps;settings delete global hidden_api_policy''
[debug] [35m[BaseDriver][39m Event 'quitSessionFinished' logged at 1644165851353 (17:44:11 GMT+0100 (Central European Standard Time))
[debug] [35m[W3C (5c264f00)][39m Received response: null
[debug] [35m[W3C (5c264f00)][39m But deleting session, so not returning
[debug] [35m[W3C (5c264f00)][39m Responding to client with driver.deleteSession() result: null
[35m[HTTP][39m [37m<-- DELETE /session/5c264f00-418b-4ebf-95be-c1c2a93d1039 [39m[32m200[39m [90m432 ms - 14[39m
[35m[HTTP][39m [90m[39m
[35m[Appium][39m Received SIGTERM - shutting down
[debug] [35m[Appium][39m There are no active sessions for cleanup
