0 verbose cli [
0 verbose cli   'C:\\Program Files\\nodejs\\node.exe',
0 verbose cli   'C:\\Program Files\\nodejs\\node_modules\\npm\\bin\\npm-cli.js',
0 verbose cli   'test'
0 verbose cli ]
1 info using npm@7.0.2
2 info using node@v15.0.0
3 timing config:load:defaults Completed in 1ms
4 timing config:load:file:C:\Users\searc\AppData\Roaming\nvm\v15.0.0\node_modules\npm\npmrc Completed in 1ms
5 timing config:load:builtin Completed in 1ms
6 timing config:load:cli Completed in 2ms
7 timing config:load:env Completed in 0ms
8 timing config:load:file:C:\automation\wdio-with-appium-example-\.npmrc Completed in 1ms
9 timing config:load:project Completed in 2ms
10 timing config:load:file:C:\Users\searc\.npmrc Completed in 0ms
11 timing config:load:user Completed in 1ms
12 timing config:load:file:C:\Program Files\nodejs\etc\npmrc Completed in 0ms
13 timing config:load:global Completed in 0ms
14 timing config:load:cafile Completed in 0ms
15 timing config:load:validate Completed in 0ms
16 timing config:load:setUserAgent Completed in 1ms
17 timing config:load:setEnvs Completed in 0ms
18 timing config:load Completed in 8ms
19 verbose npm-session 878162fddf5ed275
20 timing npm:load Completed in 18ms
21 timing command:run-script Completed in 22813ms
22 timing command:test Completed in 22818ms
23 verbose stack Error: command failed
23 verbose stack     at ChildProcess.<anonymous> (C:\Users\searc\AppData\Roaming\nvm\v15.0.0\node_modules\npm\node_modules\@npmcli\promise-spawn\index.js:63:27)
23 verbose stack     at ChildProcess.emit (node:events:327:20)
23 verbose stack     at maybeClose (node:internal/child_process:1048:16)
23 verbose stack     at Process.ChildProcess._handle.onexit (node:internal/child_process:288:5)
24 verbose pkgid wdio@1.0.0
25 verbose cwd C:\automation\wdio-with-appium-example-
26 verbose Windows_NT 10.0.19042
27 verbose argv "C:\\Program Files\\nodejs\\node.exe" "C:\\Program Files\\nodejs\\node_modules\\npm\\bin\\npm-cli.js" "test"
28 verbose node v15.0.0
29 verbose npm  v7.0.2
30 error code 1
31 error path C:\automation\wdio-with-appium-example-
32 error command failed
33 error command C:\WINDOWS\system32\cmd.exe /d /s /c "wdio run ./wdio.conf.js"
34 verbose exit 1
