2022-02-01T23:40:53.938Z INFO @wdio/local-runner: Run worker command: run
2022-02-01T23:40:54.215Z DEBUG @wdio/config:utils: Found 'ts-node' package, auto-compiling TypeScript files
2022-02-01T23:40:54.365Z DEBUG @wdio/local-runner:utils: init remote session
2022-02-01T23:40:54.370Z DEBUG @wdio/utils:initialiseServices: initialise service "appium" as NPM package
2022-02-01T23:40:54.382Z DEBUG @wdio/utils:initialiseServices: initialise service "chromedriver" as NPM package
2022-02-01T23:40:54.443Z DEBUG @wdio/utils:initialiseServices: initialise service "image-comparison" as NPM package
2022-02-01T23:40:58.263Z DEBUG @wdio/local-runner:utils: init remote session
2022-02-01T23:40:58.264Z INFO webdriver: Initiate new session using the WebDriver protocol
2022-02-01T23:40:58.331Z INFO webdriver: [POST] http://localhost:4723/session
2022-02-01T23:40:58.331Z INFO webdriver: DATA {
  capabilities: {
    alwaysMatch: {
      platformName: 'Android',
      'appium:deviceName': 'Pixel 3',
      'appium:platformVersion': '11.0',
      'appium:automationName': 'UIAutomator2',
      'appium:browserName': 'Chrome',
      'appium:chromedriverExecutable': 'C:/WebDriver/bin/chromedriver.exe',
      'appium:appiumVersion': '2.0.0-beta.25',
      'appium:waitforTimeout': '30000',
      'appium:commandTimeout': '30000'
    },
    firstMatch: [ {} ]
  },
  desiredCapabilities: {
    platformName: 'Android',
    'appium:deviceName': 'Pixel 3',
    'appium:platformVersion': '11.0',
    'appium:automationName': 'UIAutomator2',
    'appium:browserName': 'Chrome',
    'appium:chromedriverExecutable': 'C:/WebDriver/bin/chromedriver.exe',
    'appium:appiumVersion': '2.0.0-beta.25',
    'appium:waitforTimeout': '30000',
    'appium:commandTimeout': '30000'
  }
}
2022-02-01T23:41:03.570Z INFO wdio-image-comparison-service: Adding commands to Multi Browser:  [
  'maxInstances',
  'platformName',
  'appium:deviceName',
  'appium:platformVersion',
  'appium:automationName',
  'appium:browserName',
  'appium:chromedriverExecutable',
  'appium:appiumVersion',
  'appium:waitforTimeout',
  'appium:commandTimeout',
  'protocol',
  'hostname',
  'port',
  'path'
]
2022-02-01T23:41:03.572Z ERROR @wdio/utils:shim: TypeError: Cannot read property 'browserName' of undefined
    at getInstanceData (C:\automation\wdio-with-appium-example-\node_modules\wdio-image-comparison-service\build\utils.js:45:37)
    at WdioImageComparisonService.addCommandsToBrowser (C:\automation\wdio-with-appium-example-\node_modules\wdio-image-comparison-service\build\service.js:86:53)
    at WdioImageComparisonService.before (C:\automation\wdio-with-appium-example-\node_modules\wdio-image-comparison-service\build\service.js:67:14)
    at C:\automation\wdio-with-appium-example-\node_modules\@wdio\utils\build\shim.js:88:27
    at new Promise (<anonymous>)
    at C:\automation\wdio-with-appium-example-\node_modules\@wdio\utils\build\shim.js:85:47
    at Array.map (<anonymous>)
    at executeHooksWithArgsShim (C:\automation\wdio-with-appium-example-\node_modules\@wdio\utils\build\shim.js:85:33)
    at Runner.run (C:\automation\wdio-with-appium-example-\node_modules\@wdio\runner\build\index.js:99:48)
    at processTicksAndRejections (node:internal/process/task_queues:93:5)
2022-02-01T23:41:03.572Z DEBUG @wdio/utils:shim: Finished to run "before" hook in 0ms
2022-02-01T23:41:03.580Z INFO webdriver: COMMAND navigateTo("https://webdriver.io/")
2022-02-01T23:41:03.580Z INFO webdriver: [POST] http://localhost:4723/session/b6dd6baa-6e18-4342-abe7-259e21e47007/url
2022-02-01T23:41:03.580Z INFO webdriver: DATA { url: 'https://webdriver.io/' }
2022-02-01T23:41:06.626Z INFO webdriver: COMMAND findElement("css selector", ".hero__title")
2022-02-01T23:41:06.626Z INFO webdriver: [POST] http://localhost:4723/session/b6dd6baa-6e18-4342-abe7-259e21e47007/element
2022-02-01T23:41:06.626Z INFO webdriver: DATA { using: 'css selector', value: '.hero__title' }
2022-02-01T23:41:06.703Z INFO webdriver: RESULT {
  ELEMENT: '6150f82a-8f2b-4992-9190-28c83c4b802c',
  'element-6066-11e4-a52e-4f735466cecf': '6150f82a-8f2b-4992-9190-28c83c4b802c'
}
2022-02-01T23:41:06.730Z INFO webdriver: COMMAND getLogTypes()
2022-02-01T23:41:06.730Z INFO webdriver: [GET] http://localhost:4723/session/b6dd6baa-6e18-4342-abe7-259e21e47007/log/types
2022-02-01T23:41:06.808Z DEBUG webdriver: request failed due to response error: unknown command
2022-02-01T23:41:06.809Z WARN webdriver: Request failed with status 404 due to unknown command: Cannot call non W3C standard command while in W3C mode
2022-02-01T23:41:06.809Z INFO webdriver: Retrying 1/3
2022-02-01T23:41:06.809Z INFO webdriver: [GET] http://localhost:4723/session/b6dd6baa-6e18-4342-abe7-259e21e47007/log/types
2022-02-01T23:41:06.827Z DEBUG webdriver: request failed due to response error: unknown command
2022-02-01T23:41:06.827Z WARN webdriver: Request failed with status 404 due to unknown command: Cannot call non W3C standard command while in W3C mode
2022-02-01T23:41:06.827Z INFO webdriver: Retrying 2/3
2022-02-01T23:41:06.828Z INFO webdriver: [GET] http://localhost:4723/session/b6dd6baa-6e18-4342-abe7-259e21e47007/log/types
2022-02-01T23:41:06.843Z DEBUG webdriver: request failed due to response error: unknown command
2022-02-01T23:41:06.843Z WARN webdriver: Request failed with status 404 due to unknown command: Cannot call non W3C standard command while in W3C mode
2022-02-01T23:41:06.843Z INFO webdriver: Retrying 3/3
2022-02-01T23:41:06.843Z INFO webdriver: [GET] http://localhost:4723/session/b6dd6baa-6e18-4342-abe7-259e21e47007/log/types
2022-02-01T23:41:06.858Z DEBUG webdriver: request failed due to response error: unknown command
2022-02-01T23:41:06.858Z ERROR webdriver: Request failed with status 404 due to unknown command: unknown command: Cannot call non W3C standard command while in W3C mode
2022-02-01T23:41:06.858Z INFO webdriver: COMMAND deleteSession()
2022-02-01T23:41:06.858Z INFO webdriver: [DELETE] http://localhost:4723/session/b6dd6baa-6e18-4342-abe7-259e21e47007
