2022-02-01T23:40:49.737Z WARN @wdio/config:ConfigParser: pattern ./test/specs/check_form.ts did not match any file
2022-02-01T23:40:49.753Z DEBUG @wdio/utils:initialiseServices: initialise service "appium" as NPM package
2022-02-01T23:40:49.762Z DEBUG @wdio/utils:initialiseServices: initialise service "chromedriver" as NPM package
2022-02-01T23:40:49.808Z DEBUG @wdio/utils:initialiseServices: initialise service "image-comparison" as NPM package
2022-02-01T23:40:49.876Z INFO @wdio/cli:launcher: Run onPrepare hook
2022-02-01T23:40:49.877Z DEBUG @wdio/appium-service: Will spawn Appium process: cmd /c node C:\automation\wdio-with-appium-example-\node_modules\appium\index.js --base-path /
2022-02-01T23:40:49.883Z INFO chromedriver: Start Chromedriver (C:\automation\wdio-with-appium-example-\node_modules\chromedriver\lib\chromedriver\chromedriver.exe) with args --port=9515 --url-base=/
2022-02-01T23:40:53.366Z ERROR @wdio/cli:utils: A service failed in the 'onPrepare' hook
Error: Appium exited before timeout (exit code: 1)
    at ChildProcess.<anonymous> (C:\automation\wdio-with-appium-example-\node_modules\@wdio\appium-service\build\launcher.js:110:22)
    at Object.onceWrapper (node:events:434:26)
    at ChildProcess.emit (node:events:327:20)
    at ChildProcess.EventEmitter.emit (node:domain:486:12)
    at Process.ChildProcess._handle.onexit (node:internal/child_process:277:12)

Continue...
2022-02-01T23:40:53.366Z DEBUG @wdio/cli:utils: Finished to run "onPrepare" hook in 3490ms
2022-02-01T23:40:53.367Z WARN @wdio/config:ConfigParser: pattern ./test/specs/check_form.ts did not match any file
2022-02-01T23:40:53.368Z INFO @wdio/cli:launcher: Run onWorkerStart hook
2022-02-01T23:40:53.368Z DEBUG @wdio/cli:utils: Finished to run "onWorkerStart" hook in 0ms
2022-02-01T23:40:53.369Z INFO @wdio/local-runner: Start worker 0-0 with arg: run,./wdio.conf.js
2022-02-01T23:41:07.327Z DEBUG @wdio/local-runner: Runner 0-0 finished with exit code 1
2022-02-01T23:41:07.329Z INFO @wdio/cli:launcher: Run onComplete hook
2022-02-01T23:41:07.329Z DEBUG @wdio/cli:utils: Finished to run "onComplete" hook in 0ms
2022-02-01T23:41:09.428Z INFO @wdio/local-runner: Shutting down spawned worker
2022-02-01T23:41:09.691Z INFO @wdio/local-runner: Waiting for 0 to shut down gracefully
